Arguments: 
  /Users/brunopontes/.nvm/versions/node/v13.9.0/bin/node /Users/brunopontes/.nvm/versions/node/v13.9.0/bin/yarn add -D git-commit-message-linter

PATH: 
  /Users/brunopontes/.zinit/polaris/bin:/Users/brunopontes/.cabal/bin:/Users/brunopontes/.ghcup/bin:/Users/brunopontes/.nvm/versions/node/v13.9.0/bin:/usr/local/bin:/usr/bin:/bin:/usr/sbin:/sbin:/Library/Apple/usr/bin:/Users/brunopontes/Library/Android/sdk/emulator:/Users/brunopontes/Library/Android/sdk/tools:/Users/brunopontes/Library/Android/sdk/tools/bin:/Users/brunopontes/Library/Android/sdk/platform-tools:/Users/brunopontes/flutter/bin

Yarn version: 
  1.22.4

Node version: 
  13.9.0

Platform: 
  darwin x64

Trace: 
  Error: https://registry.yarnpkg.com/git-commit-message-linter: Not found
      at Request.params.callback [as _callback] (/Users/brunopontes/.nvm/versions/node/v13.9.0/lib/node_modules/yarn/lib/cli.js:66987:18)
      at Request.self.callback (/Users/brunopontes/.nvm/versions/node/v13.9.0/lib/node_modules/yarn/lib/cli.js:140748:22)
      at Request.emit (events.js:321:20)
      at Request.<anonymous> (/Users/brunopontes/.nvm/versions/node/v13.9.0/lib/node_modules/yarn/lib/cli.js:141720:10)
      at Request.emit (events.js:321:20)
      at IncomingMessage.<anonymous> (/Users/brunopontes/.nvm/versions/node/v13.9.0/lib/node_modules/yarn/lib/cli.js:141642:12)
      at Object.onceWrapper (events.js:427:28)
      at IncomingMessage.emit (events.js:333:22)
      at endReadableNT (_stream_readable.js:1201:12)
      at processTicksAndRejections (internal/process/task_queues.js:84:21)

npm manifest: 
  {
    "name": "node-js-clean-code",
    "version": "1.0.0",
    "description": "",
    "main": "index.js",
    "scripts": {
      "test": "echo \"Error: no test specified\" && exit 1"
    },
    "keywords": [],
    "author": "",
    "license": "ISC"
  }

yarn manifest: 
  No manifest

Lockfile: 
  No lockfile
